2025-12-17 10:58:00,528 INFO o.a.j.u.JMeterUtils: Setting Locale to en_EN
2025-12-17 10:58:00,546 INFO o.a.j.JMeter: Loading user properties from: C:\Users\vupha\Downloads\apache-jmeter-5.6.3\apache-jmeter-5.6.3\bin\user.properties
2025-12-17 10:58:00,546 INFO o.a.j.JMeter: Loading system properties from: C:\Users\vupha\Downloads\apache-jmeter-5.6.3\apache-jmeter-5.6.3\bin\system.properties
2025-12-17 10:58:00,546 INFO o.a.j.JMeter: Copyright (c) 1998-2024 The Apache Software Foundation
2025-12-17 10:58:00,546 INFO o.a.j.JMeter: Version 5.6.3
2025-12-17 10:58:00,546 INFO o.a.j.JMeter: java.version=21.0.9
2025-12-17 10:58:00,546 INFO o.a.j.JMeter: java.vm.name=Java HotSpot(TM) 64-Bit Server VM
2025-12-17 10:58:00,546 INFO o.a.j.JMeter: os.name=Windows 11
2025-12-17 10:58:00,546 INFO o.a.j.JMeter: os.arch=amd64
2025-12-17 10:58:00,546 INFO o.a.j.JMeter: os.version=10.0
2025-12-17 10:58:00,546 INFO o.a.j.JMeter: file.encoding=UTF-8
2025-12-17 10:58:00,546 INFO o.a.j.JMeter: java.awt.headless=true
2025-12-17 10:58:00,546 INFO o.a.j.JMeter: Max memory     =1073741824
2025-12-17 10:58:00,546 INFO o.a.j.JMeter: Available Processors =16
2025-12-17 10:58:00,559 INFO o.a.j.JMeter: Default Locale=English (EN)
2025-12-17 10:58:00,559 INFO o.a.j.JMeter: JMeter  Locale=English (EN)
2025-12-17 10:58:00,559 INFO o.a.j.JMeter: JMeterHome=C:\Users\vupha\Downloads\apache-jmeter-5.6.3\apache-jmeter-5.6.3
2025-12-17 10:58:00,559 INFO o.a.j.JMeter: user.dir  =C:\Train_QA\VuLocalRepo\Week7\JmeterDemo
2025-12-17 10:58:00,559 INFO o.a.j.JMeter: PWD       =C:\Train_QA\VuLocalRepo\Week7\JmeterDemo
2025-12-17 10:58:00,671 INFO o.a.j.JMeter: IP: 10.213.58.125 Name: LAPTOP-SKPTTNAG FullName: 10.213.58.125
2025-12-17 10:58:00,694 INFO o.a.j.JMeter: Setting property 'jmeter.reportgenerator.outputdir' to:'C:\Train_QA\VuLocalRepo\Week7\JmeterDemo\.\html'
2025-12-17 10:58:00,694 INFO o.a.j.s.FileServer: Default base='C:\Train_QA\VuLocalRepo\Week7\JmeterDemo'
2025-12-17 10:58:00,703 INFO o.a.j.s.FileServer: Set new base='C:\Train_QA\VuLocalRepo\Week7\JmeterDemo'
2025-12-17 10:58:00,825 INFO o.a.j.s.SaveService: Testplan (JMX) version: 2.2. Testlog (JTL) version: 2.2
2025-12-17 10:58:00,841 INFO o.a.j.s.SaveService: Using SaveService properties version 5.0
2025-12-17 10:58:00,857 INFO o.a.j.s.SaveService: Using SaveService properties file encoding UTF-8
2025-12-17 10:58:00,858 INFO o.a.j.s.SaveService: Loading file: Test Plan Demo.jmx
2025-12-17 10:58:00,887 INFO o.a.j.p.h.s.HTTPSamplerBase: Parser for text/html is org.apache.jmeter.protocol.http.parser.LagartoBasedHtmlParser
2025-12-17 10:58:00,887 INFO o.a.j.p.h.s.HTTPSamplerBase: Parser for application/xhtml+xml is org.apache.jmeter.protocol.http.parser.LagartoBasedHtmlParser
2025-12-17 10:58:00,887 INFO o.a.j.p.h.s.HTTPSamplerBase: Parser for application/xml is org.apache.jmeter.protocol.http.parser.LagartoBasedHtmlParser
2025-12-17 10:58:00,887 INFO o.a.j.p.h.s.HTTPSamplerBase: Parser for text/xml is org.apache.jmeter.protocol.http.parser.LagartoBasedHtmlParser
2025-12-17 10:58:00,887 INFO o.a.j.p.h.s.HTTPSamplerBase: Parser for text/vnd.wap.wml is org.apache.jmeter.protocol.http.parser.RegexpHTMLParser
2025-12-17 10:58:00,887 INFO o.a.j.p.h.s.HTTPSamplerBase: Parser for text/css is org.apache.jmeter.protocol.http.parser.CssParser
2025-12-17 10:58:00,918 INFO o.a.j.JMeter: Creating summariser <summary>
2025-12-17 10:58:00,918 INFO o.a.j.r.d.ReportGenerator: ReportGenerator will use for Parsing the separator: ','
2025-12-17 10:58:00,918 INFO o.a.j.r.d.ReportGenerator: Will generate report at end of test from  results file: result2.jtl
2025-12-17 10:58:00,918 INFO o.a.j.r.d.ReportGenerator: Reading report generator properties from: C:\Users\vupha\Downloads\apache-jmeter-5.6.3\apache-jmeter-5.6.3\bin\reportgenerator.properties
2025-12-17 10:58:00,918 INFO o.a.j.r.d.ReportGenerator: Merging with JMeter properties
2025-12-17 10:58:00,918 INFO o.a.j.r.c.ReportGeneratorConfiguration: Property 'jmeter.reportgenerator.temp_dir' not found, using default value 'temp' instead.
2025-12-17 10:58:00,918 INFO o.a.j.r.c.ReportGeneratorConfiguration: Property 'jmeter.reportgenerator.apdex_per_transaction' not found, using default value 'null' instead.
2025-12-17 10:58:00,918 INFO o.a.j.r.c.ReportGeneratorConfiguration: apdex_per_transaction is empty, not APDEX per transaction customization
2025-12-17 10:58:00,918 INFO o.a.j.r.c.ReportGeneratorConfiguration: Property 'jmeter.reportgenerator.sample_filter' not found, using default value 'null' instead.
2025-12-17 10:58:00,918 INFO o.a.j.r.c.ReportGeneratorConfiguration: Property 'jmeter.reportgenerator.report_title' not found, using default value 'null' instead.
2025-12-17 10:58:00,918 INFO o.a.j.r.c.ReportGeneratorConfiguration: Property 'jmeter.reportgenerator.start_date' not found, using default value 'null' instead.
2025-12-17 10:58:00,918 INFO o.a.j.r.c.ReportGeneratorConfiguration: Property 'jmeter.reportgenerator.end_date' not found, using default value 'null' instead.
2025-12-17 10:58:00,918 INFO o.a.j.r.c.ReportGeneratorConfiguration: Property 'jmeter.reportgenerator.date_format' not found, using default value 'null' instead.
2025-12-17 10:58:00,918 INFO o.a.j.r.c.ReportGeneratorConfiguration: Will use date range start date: null, end date: null
2025-12-17 10:58:00,918 INFO o.a.j.r.c.ReportGeneratorConfiguration: Property 'jmeter.reportgenerator.graph.totalTPS.exclude_controllers' not found, using default value 'false' instead.
2025-12-17 10:58:00,918 INFO o.a.j.r.c.ReportGeneratorConfiguration: Property 'jmeter.reportgenerator.graph.activeThreadsOverTime.exclude_controllers' not found, using default value 'false' instead.
2025-12-17 10:58:00,918 INFO o.a.j.r.c.ReportGeneratorConfiguration: Property 'jmeter.reportgenerator.graph.timeVsThreads.exclude_controllers' not found, using default value 'false' instead.
2025-12-17 10:58:00,918 INFO o.a.j.r.c.ReportGeneratorConfiguration: Property 'jmeter.reportgenerator.graph.responseTimeDistribution.exclude_controllers' not found, using default value 'false' instead.
2025-12-17 10:58:00,918 INFO o.a.j.r.c.ReportGeneratorConfiguration: Property 'jmeter.reportgenerator.graph.transactionsPerSecond.exclude_controllers' not found, using default value 'false' instead.
2025-12-17 10:58:00,918 INFO o.a.j.r.c.ReportGeneratorConfiguration: Property 'jmeter.reportgenerator.graph.responseTimePercentiles.exclude_controllers' not found, using default value 'false' instead.
2025-12-17 10:58:00,918 INFO o.a.j.r.c.ReportGeneratorConfiguration: Property 'jmeter.reportgenerator.graph.responseTimePercentilesOverTime.exclude_controllers' not found, using default value 'false' instead.
2025-12-17 10:58:00,918 INFO o.a.j.r.c.ReportGeneratorConfiguration: Property 'jmeter.reportgenerator.graph.responseTimesOverTime.exclude_controllers' not found, using default value 'false' instead.
2025-12-17 10:58:00,918 INFO o.a.j.r.c.ReportGeneratorConfiguration: Property 'jmeter.reportgenerator.graph.connectTimeOverTime.exclude_controllers' not found, using default value 'false' instead.
2025-12-17 10:58:00,918 INFO o.a.j.r.c.ReportGeneratorConfiguration: Property 'jmeter.reportgenerator.graph.latenciesOverTime.exclude_controllers' not found, using default value 'false' instead.
2025-12-17 10:58:00,934 INFO o.a.j.r.c.ReportGeneratorConfiguration: Property 'jmeter.reportgenerator.exporter.json.filters_only_sample_series' not found, using default value 'true' instead.
2025-12-17 10:58:00,934 INFO o.a.j.r.c.ReportGeneratorConfiguration: Property 'jmeter.reportgenerator.exporter.json.series_filter' not found, using default value '' instead.
2025-12-17 10:58:00,934 INFO o.a.j.r.c.ReportGeneratorConfiguration: Property 'jmeter.reportgenerator.exporter.json.show_controllers_only' not found, using default value 'false' instead.
2025-12-17 10:58:00,934 INFO o.a.j.r.c.ReportGeneratorConfiguration: Property 'jmeter.reportgenerator.exporter.html.filters_only_sample_series' not found, using default value 'true' instead.
2025-12-17 10:58:00,934 INFO o.a.j.r.c.ReportGeneratorConfiguration: Property 'jmeter.reportgenerator.exporter.html.series_filter' not found, using default value '' instead.
2025-12-17 10:58:00,934 INFO o.a.j.r.c.ReportGeneratorConfiguration: Property 'jmeter.reportgenerator.exporter.html.show_controllers_only' not found, using default value 'false' instead.
2025-12-17 10:58:00,934 INFO o.a.j.e.StandardJMeterEngine: Running the test!
2025-12-17 10:58:00,934 INFO o.a.j.s.SampleEvent: List of sample_variables: []
2025-12-17 10:58:00,934 INFO o.a.j.s.SampleEvent: List of sample_variables: []
2025-12-17 10:58:00,948 INFO o.a.j.e.u.CompoundVariable: Note: Function class names must contain the string: '.functions.'
2025-12-17 10:58:00,948 INFO o.a.j.e.u.CompoundVariable: Note: Function class names must not contain the string: '.gui.'
2025-12-17 10:58:00,996 INFO o.a.j.JMeter: Running test (1765990680996)
2025-12-17 10:58:01,015 INFO o.a.j.e.StandardJMeterEngine: Starting ThreadGroup: 1 : First TP
2025-12-17 10:58:01,015 INFO o.a.j.e.StandardJMeterEngine: Starting 100 threads for group First TP.
2025-12-17 10:58:01,015 INFO o.a.j.e.StandardJMeterEngine: Thread will continue on error
2025-12-17 10:58:01,015 INFO o.a.j.t.ThreadGroup: Starting thread group... number=1 threads=100 ramp-up=10 delayedStart=false
2025-12-17 10:58:01,023 INFO o.a.j.t.JMeterThread: Thread started: First TP 1-1
2025-12-17 10:58:01,045 INFO o.a.j.p.h.s.HTTPHCAbstractImpl: Local host = LAPTOP-SKPTTNAG
2025-12-17 10:58:01,047 INFO o.a.j.t.ThreadGroup: Started thread group number 1
2025-12-17 10:58:01,047 INFO o.a.j.e.StandardJMeterEngine: All thread groups have been started
2025-12-17 10:58:01,051 INFO o.a.j.p.h.s.HTTPHC4Impl: HTTP request retry count = 0
2025-12-17 10:58:01,052 INFO o.a.j.s.SampleResult: Note: Sample TimeStamps are START times
2025-12-17 10:58:01,052 INFO o.a.j.s.SampleResult: sampleresult.default.encoding is set to UTF-8
2025-12-17 10:58:01,052 INFO o.a.j.s.SampleResult: sampleresult.useNanoTime=true
2025-12-17 10:58:01,052 INFO o.a.j.s.SampleResult: sampleresult.nanoThreadSleep=5000
2025-12-17 10:58:01,125 INFO o.a.j.t.JMeterThread: Thread started: First TP 1-2
2025-12-17 10:58:01,212 INFO o.a.j.p.h.s.h.LazyLayeredConnectionSocketFactory: Setting up HTTPS TrustAll Socket Factory
2025-12-17 10:58:01,220 INFO o.a.j.u.JsseSSLManager: Using default SSL protocol: TLS
2025-12-17 10:58:01,221 INFO o.a.j.u.JsseSSLManager: SSL session context: per-thread
2025-12-17 10:58:01,226 INFO o.a.j.t.JMeterThread: Thread started: First TP 1-3
2025-12-17 10:58:01,325 INFO o.a.j.t.JMeterThread: Thread started: First TP 1-4
2025-12-17 10:58:01,358 INFO o.a.j.u.SSLManager: JmeterKeyStore Location:  type JKS
2025-12-17 10:58:01,361 INFO o.a.j.u.SSLManager: KeyStore created OK
2025-12-17 10:58:01,362 WARN o.a.j.u.SSLManager: Keystore file not found, loading empty keystore
2025-12-17 10:58:01,417 INFO o.a.j.t.JMeterThread: Thread started: First TP 1-5
2025-12-17 10:58:01,517 INFO o.a.j.t.JMeterThread: Thread started: First TP 1-6
2025-12-17 10:58:01,617 INFO o.a.j.t.JMeterThread: Thread started: First TP 1-7
2025-12-17 10:58:01,652 INFO o.a.j.r.Summariser: summary +      1 in 00:00:01 =    1.5/s Avg:   547 Min:   547 Max:   547 Err:     0 (0.00%) Active: 7 Started: 7 Finished: 0
2025-12-17 10:58:01,718 INFO o.a.j.t.JMeterThread: Thread started: First TP 1-8
2025-12-17 10:58:01,825 INFO o.a.j.t.JMeterThread: Thread started: First TP 1-9
2025-12-17 10:58:01,919 INFO o.a.j.t.JMeterThread: Thread started: First TP 1-10
2025-12-17 10:58:02,028 INFO o.a.j.t.JMeterThread: Thread started: First TP 1-11
2025-12-17 10:58:02,116 INFO o.a.j.t.JMeterThread: Thread started: First TP 1-12
2025-12-17 10:58:02,217 INFO o.a.j.t.JMeterThread: Thread started: First TP 1-13
2025-12-17 10:58:02,317 INFO o.a.j.t.JMeterThread: Thread started: First TP 1-14
2025-12-17 10:58:02,417 INFO o.a.j.t.JMeterThread: Thread started: First TP 1-15
2025-12-17 10:58:02,517 INFO o.a.j.t.JMeterThread: Thread started: First TP 1-16
2025-12-17 10:58:02,532 INFO o.a.j.t.JMeterThread: Thread is done: First TP 1-3
2025-12-17 10:58:02,533 INFO o.a.j.t.JMeterThread: Thread finished: First TP 1-3
2025-12-17 10:58:02,532 INFO o.a.j.t.JMeterThread: Thread is done: First TP 1-2
2025-12-17 10:58:02,533 INFO o.a.j.t.JMeterThread: Thread is done: First TP 1-6
2025-12-17 10:58:02,533 INFO o.a.j.t.JMeterThread: Thread finished: First TP 1-2
2025-12-17 10:58:02,533 INFO o.a.j.t.JMeterThread: Thread finished: First TP 1-6
2025-12-17 10:58:02,533 INFO o.a.j.t.JMeterThread: Thread is done: First TP 1-1
2025-12-17 10:58:02,534 INFO o.a.j.t.JMeterThread: Thread finished: First TP 1-1
2025-12-17 10:58:02,534 INFO o.a.j.t.JMeterThread: Thread is done: First TP 1-4
2025-12-17 10:58:02,534 INFO o.a.j.t.JMeterThread: Thread is done: First TP 1-5
2025-12-17 10:58:02,534 INFO o.a.j.t.JMeterThread: Thread finished: First TP 1-4
2025-12-17 10:58:02,534 INFO o.a.j.t.JMeterThread: Thread finished: First TP 1-5
2025-12-17 10:58:02,616 INFO o.a.j.t.JMeterThread: Thread started: First TP 1-17
2025-12-17 10:58:02,634 INFO o.a.j.t.JMeterThread: Thread is done: First TP 1-7
2025-12-17 10:58:02,634 INFO o.a.j.t.JMeterThread: Thread finished: First TP 1-7
2025-12-17 10:58:02,717 INFO o.a.j.t.JMeterThread: Thread started: First TP 1-18
2025-12-17 10:58:02,816 INFO o.a.j.t.JMeterThread: Thread started: First TP 1-19
2025-12-17 10:58:02,831 INFO o.a.j.t.JMeterThread: Thread is done: First TP 1-8
2025-12-17 10:58:02,831 INFO o.a.j.t.JMeterThread: Thread finished: First TP 1-8
2025-12-17 10:58:02,917 INFO o.a.j.t.JMeterThread: Thread started: First TP 1-20
2025-12-17 10:58:02,936 INFO o.a.j.t.JMeterThread: Thread is done: First TP 1-9
2025-12-17 10:58:02,936 INFO o.a.j.t.JMeterThread: Thread finished: First TP 1-9
2025-12-17 10:58:02,994 INFO o.a.j.t.JMeterThread: Thread is done: First TP 1-10
2025-12-17 10:58:02,994 INFO o.a.j.t.JMeterThread: Thread finished: First TP 1-10
2025-12-17 10:58:03,017 INFO o.a.j.t.JMeterThread: Thread started: First TP 1-21
2025-12-17 10:58:03,042 INFO o.a.j.t.JMeterThread: Thread is done: First TP 1-11
2025-12-17 10:58:03,042 INFO o.a.j.t.JMeterThread: Thread finished: First TP 1-11
2025-12-17 10:58:03,116 INFO o.a.j.t.JMeterThread: Thread started: First TP 1-22
2025-12-17 10:58:03,124 INFO o.a.j.t.JMeterThread: Thread is done: First TP 1-12
2025-12-17 10:58:03,124 INFO o.a.j.t.JMeterThread: Thread finished: First TP 1-12
2025-12-17 10:58:03,187 INFO o.a.j.t.JMeterThread: Thread is done: First TP 1-13
2025-12-17 10:58:03,188 INFO o.a.j.t.JMeterThread: Thread finished: First TP 1-13
2025-12-17 10:58:03,217 INFO o.a.j.t.JMeterThread: Thread started: First TP 1-23
2025-12-17 10:58:03,237 INFO o.a.j.t.JMeterThread: Thread is done: First TP 1-14
2025-12-17 10:58:03,237 INFO o.a.j.t.JMeterThread: Thread finished: First TP 1-14
2025-12-17 10:58:03,317 INFO o.a.j.t.JMeterThread: Thread started: First TP 1-24
2025-12-17 10:58:03,334 INFO o.a.j.t.JMeterThread: Thread is done: First TP 1-15
2025-12-17 10:58:03,334 INFO o.a.j.t.JMeterThread: Thread finished: First TP 1-15
2025-12-17 10:58:03,416 INFO o.a.j.t.JMeterThread: Thread started: First TP 1-25
2025-12-17 10:58:03,516 INFO o.a.j.t.JMeterThread: Thread started: First TP 1-26
2025-12-17 10:58:03,533 INFO o.a.j.t.JMeterThread: Thread is done: First TP 1-17
2025-12-17 10:58:03,534 INFO o.a.j.t.JMeterThread: Thread finished: First TP 1-17
2025-12-17 10:58:03,579 INFO o.a.j.t.JMeterThread: Thread is done: First TP 1-18
2025-12-17 10:58:03,579 INFO o.a.j.t.JMeterThread: Thread finished: First TP 1-18
2025-12-17 10:58:03,583 INFO o.a.j.t.JMeterThread: Thread is done: First TP 1-16
2025-12-17 10:58:03,583 INFO o.a.j.t.JMeterThread: Thread finished: First TP 1-16
2025-12-17 10:58:03,616 INFO o.a.j.t.JMeterThread: Thread started: First TP 1-27
2025-12-17 10:58:03,627 INFO o.a.j.t.JMeterThread: Thread is done: First TP 1-19
2025-12-17 10:58:03,627 INFO o.a.j.t.JMeterThread: Thread finished: First TP 1-19
2025-12-17 10:58:03,717 INFO o.a.j.t.JMeterThread: Thread started: First TP 1-28
2025-12-17 10:58:03,731 INFO o.a.j.t.JMeterThread: Thread is done: First TP 1-20
2025-12-17 10:58:03,731 INFO o.a.j.t.JMeterThread: Thread finished: First TP 1-20
2025-12-17 10:58:03,817 INFO o.a.j.t.JMeterThread: Thread started: First TP 1-29
2025-12-17 10:58:03,835 INFO o.a.j.t.JMeterThread: Thread is done: First TP 1-21
2025-12-17 10:58:03,835 INFO o.a.j.t.JMeterThread: Thread finished: First TP 1-21
2025-12-17 10:58:03,876 INFO o.a.j.t.JMeterThread: Thread is done: First TP 1-22
2025-12-17 10:58:03,876 INFO o.a.j.t.JMeterThread: Thread finished: First TP 1-22
2025-12-17 10:58:03,916 INFO o.a.j.t.JMeterThread: Thread started: First TP 1-30
2025-12-17 10:58:03,984 INFO o.a.j.t.JMeterThread: Thread is done: First TP 1-23
2025-12-17 10:58:03,984 INFO o.a.j.t.JMeterThread: Thread finished: First TP 1-23
2025-12-17 10:58:04,015 INFO o.a.j.t.JMeterThread: Thread started: First TP 1-31
2025-12-17 10:58:04,015 INFO o.a.j.t.JMeterThread: Thread is done: First TP 1-24
2025-12-17 10:58:04,015 INFO o.a.j.t.JMeterThread: Thread finished: First TP 1-24
2025-12-17 10:58:04,077 INFO o.a.j.t.JMeterThread: Thread is done: First TP 1-25
2025-12-17 10:58:04,077 INFO o.a.j.t.JMeterThread: Thread finished: First TP 1-25
2025-12-17 10:58:04,117 INFO o.a.j.t.JMeterThread: Thread started: First TP 1-32
2025-12-17 10:58:04,169 INFO o.a.j.t.JMeterThread: Thread is done: First TP 1-26
2025-12-17 10:58:04,169 INFO o.a.j.t.JMeterThread: Thread finished: First TP 1-26
2025-12-17 10:58:04,218 INFO o.a.j.t.JMeterThread: Thread started: First TP 1-33
2025-12-17 10:58:04,267 INFO o.a.j.t.JMeterThread: Thread is done: First TP 1-27
2025-12-17 10:58:04,267 INFO o.a.j.t.JMeterThread: Thread finished: First TP 1-27
2025-12-17 10:58:04,315 INFO o.a.j.t.JMeterThread: Thread started: First TP 1-34
2025-12-17 10:58:04,316 INFO o.a.j.t.JMeterThread: Thread is done: First TP 1-28
2025-12-17 10:58:04,316 INFO o.a.j.t.JMeterThread: Thread finished: First TP 1-28
2025-12-17 10:58:04,386 INFO o.a.j.t.JMeterThread: Thread is done: First TP 1-29
2025-12-17 10:58:04,386 INFO o.a.j.t.JMeterThread: Thread finished: First TP 1-29
2025-12-17 10:58:04,415 INFO o.a.j.t.JMeterThread: Thread started: First TP 1-35
2025-12-17 10:58:04,482 INFO o.a.j.t.JMeterThread: Thread is done: First TP 1-30
2025-12-17 10:58:04,482 INFO o.a.j.t.JMeterThread: Thread finished: First TP 1-30
2025-12-17 10:58:04,518 INFO o.a.j.t.JMeterThread: Thread started: First TP 1-36
2025-12-17 10:58:04,583 INFO o.a.j.t.JMeterThread: Thread is done: First TP 1-31
2025-12-17 10:58:04,584 INFO o.a.j.t.JMeterThread: Thread finished: First TP 1-31
2025-12-17 10:58:04,616 INFO o.a.j.t.JMeterThread: Thread started: First TP 1-37
2025-12-17 10:58:04,667 INFO o.a.j.t.JMeterThread: Thread is done: First TP 1-32
2025-12-17 10:58:04,667 INFO o.a.j.t.JMeterThread: Thread finished: First TP 1-32
2025-12-17 10:58:04,717 INFO o.a.j.t.JMeterThread: Thread started: First TP 1-38
2025-12-17 10:58:04,788 INFO o.a.j.t.JMeterThread: Thread is done: First TP 1-33
2025-12-17 10:58:04,789 INFO o.a.j.t.JMeterThread: Thread finished: First TP 1-33
2025-12-17 10:58:04,816 INFO o.a.j.t.JMeterThread: Thread started: First TP 1-39
2025-12-17 10:58:04,889 INFO o.a.j.t.JMeterThread: Thread is done: First TP 1-34
2025-12-17 10:58:04,889 INFO o.a.j.t.JMeterThread: Thread finished: First TP 1-34
2025-12-17 10:58:04,917 INFO o.a.j.t.JMeterThread: Thread started: First TP 1-40
2025-12-17 10:58:04,970 INFO o.a.j.t.JMeterThread: Thread is done: First TP 1-35
2025-12-17 10:58:04,970 INFO o.a.j.t.JMeterThread: Thread finished: First TP 1-35
2025-12-17 10:58:05,017 INFO o.a.j.t.JMeterThread: Thread started: First TP 1-41
2025-12-17 10:58:05,097 INFO o.a.j.t.JMeterThread: Thread is done: First TP 1-36
2025-12-17 10:58:05,097 INFO o.a.j.t.JMeterThread: Thread finished: First TP 1-36
2025-12-17 10:58:05,117 INFO o.a.j.t.JMeterThread: Thread started: First TP 1-42
2025-12-17 10:58:05,194 INFO o.a.j.t.JMeterThread: Thread is done: First TP 1-37
2025-12-17 10:58:05,194 INFO o.a.j.t.JMeterThread: Thread finished: First TP 1-37
2025-12-17 10:58:05,217 INFO o.a.j.t.JMeterThread: Thread started: First TP 1-43
2025-12-17 10:58:05,290 INFO o.a.j.t.JMeterThread: Thread is done: First TP 1-38
2025-12-17 10:58:05,290 INFO o.a.j.t.JMeterThread: Thread finished: First TP 1-38
2025-12-17 10:58:05,318 INFO o.a.j.t.JMeterThread: Thread started: First TP 1-44
2025-12-17 10:58:05,396 INFO o.a.j.t.JMeterThread: Thread is done: First TP 1-39
2025-12-17 10:58:05,396 INFO o.a.j.t.JMeterThread: Thread finished: First TP 1-39
2025-12-17 10:58:05,417 INFO o.a.j.t.JMeterThread: Thread started: First TP 1-45
2025-12-17 10:58:05,486 INFO o.a.j.t.JMeterThread: Thread is done: First TP 1-40
2025-12-17 10:58:05,486 INFO o.a.j.t.JMeterThread: Thread finished: First TP 1-40
2025-12-17 10:58:05,517 INFO o.a.j.t.JMeterThread: Thread started: First TP 1-46
2025-12-17 10:58:05,597 INFO o.a.j.t.JMeterThread: Thread is done: First TP 1-41
2025-12-17 10:58:05,597 INFO o.a.j.t.JMeterThread: Thread finished: First TP 1-41
2025-12-17 10:58:05,617 INFO o.a.j.t.JMeterThread: Thread started: First TP 1-47
2025-12-17 10:58:05,698 INFO o.a.j.t.JMeterThread: Thread is done: First TP 1-42
2025-12-17 10:58:05,698 INFO o.a.j.t.JMeterThread: Thread finished: First TP 1-42
2025-12-17 10:58:05,716 INFO o.a.j.t.JMeterThread: Thread started: First TP 1-48
2025-12-17 10:58:05,816 INFO o.a.j.t.JMeterThread: Thread started: First TP 1-49
2025-12-17 10:58:05,917 INFO o.a.j.t.JMeterThread: Thread started: First TP 1-50
2025-12-17 10:58:05,921 INFO o.a.j.t.JMeterThread: Thread is done: First TP 1-44
2025-12-17 10:58:05,921 INFO o.a.j.t.JMeterThread: Thread finished: First TP 1-44
2025-12-17 10:58:06,016 INFO o.a.j.t.JMeterThread: Thread started: First TP 1-51
2025-12-17 10:58:06,063 INFO o.a.j.t.JMeterThread: Thread is done: First TP 1-43
2025-12-17 10:58:06,063 INFO o.a.j.t.JMeterThread: Thread finished: First TP 1-43
2025-12-17 10:58:06,116 INFO o.a.j.t.JMeterThread: Thread started: First TP 1-52
2025-12-17 10:58:06,160 INFO o.a.j.t.JMeterThread: Thread is done: First TP 1-46
2025-12-17 10:58:06,160 INFO o.a.j.t.JMeterThread: Thread finished: First TP 1-46
2025-12-17 10:58:06,214 INFO o.a.j.t.JMeterThread: Thread is done: First TP 1-45
2025-12-17 10:58:06,214 INFO o.a.j.t.JMeterThread: Thread finished: First TP 1-45
2025-12-17 10:58:06,216 INFO o.a.j.t.JMeterThread: Thread started: First TP 1-53
2025-12-17 10:58:06,308 INFO o.a.j.t.JMeterThread: Thread is done: First TP 1-47
2025-12-17 10:58:06,310 INFO o.a.j.t.JMeterThread: Thread finished: First TP 1-47
2025-12-17 10:58:06,316 INFO o.a.j.t.JMeterThread: Thread started: First TP 1-54
2025-12-17 10:58:06,330 INFO o.a.j.t.JMeterThread: Thread is done: First TP 1-48
2025-12-17 10:58:06,330 INFO o.a.j.t.JMeterThread: Thread finished: First TP 1-48
2025-12-17 10:58:06,416 INFO o.a.j.t.JMeterThread: Thread is done: First TP 1-49
2025-12-17 10:58:06,416 INFO o.a.j.t.JMeterThread: Thread finished: First TP 1-49
2025-12-17 10:58:06,416 INFO o.a.j.t.JMeterThread: Thread started: First TP 1-55
2025-12-17 10:58:06,512 INFO o.a.j.t.JMeterThread: Thread is done: First TP 1-50
2025-12-17 10:58:06,512 INFO o.a.j.t.JMeterThread: Thread finished: First TP 1-50
2025-12-17 10:58:06,515 INFO o.a.j.t.JMeterThread: Thread started: First TP 1-56
2025-12-17 10:58:06,615 INFO o.a.j.t.JMeterThread: Thread started: First TP 1-57
2025-12-17 10:58:06,670 INFO o.a.j.t.JMeterThread: Thread is done: First TP 1-51
2025-12-17 10:58:06,670 INFO o.a.j.t.JMeterThread: Thread finished: First TP 1-51
2025-12-17 10:58:06,716 INFO o.a.j.t.JMeterThread: Thread started: First TP 1-58
2025-12-17 10:58:06,777 INFO o.a.j.t.JMeterThread: Thread is done: First TP 1-53
2025-12-17 10:58:06,778 INFO o.a.j.t.JMeterThread: Thread finished: First TP 1-53
2025-12-17 10:58:06,815 INFO o.a.j.t.JMeterThread: Thread started: First TP 1-59
2025-12-17 10:58:06,917 INFO o.a.j.t.JMeterThread: Thread started: First TP 1-60
2025-12-17 10:58:06,955 INFO o.a.j.t.JMeterThread: Thread is done: First TP 1-52
2025-12-17 10:58:06,955 INFO o.a.j.t.JMeterThread: Thread finished: First TP 1-52
2025-12-17 10:58:06,962 INFO o.a.j.t.JMeterThread: Thread is done: First TP 1-54
2025-12-17 10:58:06,963 INFO o.a.j.t.JMeterThread: Thread finished: First TP 1-54
2025-12-17 10:58:07,016 INFO o.a.j.t.JMeterThread: Thread started: First TP 1-61
2025-12-17 10:58:07,098 INFO o.a.j.t.JMeterThread: Thread is done: First TP 1-56
2025-12-17 10:58:07,098 INFO o.a.j.t.JMeterThread: Thread finished: First TP 1-56
2025-12-17 10:58:07,116 INFO o.a.j.t.JMeterThread: Thread started: First TP 1-62
2025-12-17 10:58:07,219 INFO o.a.j.t.JMeterThread: Thread started: First TP 1-63
2025-12-17 10:58:07,299 INFO o.a.j.t.JMeterThread: Thread is done: First TP 1-57
2025-12-17 10:58:07,299 INFO o.a.j.t.JMeterThread: Thread finished: First TP 1-57
2025-12-17 10:58:07,316 INFO o.a.j.t.JMeterThread: Thread started: First TP 1-64
2025-12-17 10:58:07,382 INFO o.a.j.t.JMeterThread: Thread is done: First TP 1-59
2025-12-17 10:58:07,382 INFO o.a.j.t.JMeterThread: Thread finished: First TP 1-59
2025-12-17 10:58:07,416 INFO o.a.j.t.JMeterThread: Thread started: First TP 1-65
2025-12-17 10:58:07,516 INFO o.a.j.t.JMeterThread: Thread started: First TP 1-66
2025-12-17 10:58:07,525 INFO o.a.j.t.JMeterThread: Thread is done: First TP 1-55
2025-12-17 10:58:07,525 INFO o.a.j.t.JMeterThread: Thread finished: First TP 1-55
2025-12-17 10:58:07,540 INFO o.a.j.t.JMeterThread: Thread is done: First TP 1-58
2025-12-17 10:58:07,541 INFO o.a.j.t.JMeterThread: Thread finished: First TP 1-58
2025-12-17 10:58:07,606 INFO o.a.j.t.JMeterThread: Thread is done: First TP 1-60
2025-12-17 10:58:07,606 INFO o.a.j.t.JMeterThread: Thread finished: First TP 1-60
2025-12-17 10:58:07,619 INFO o.a.j.t.JMeterThread: Thread started: First TP 1-67
2025-12-17 10:58:07,619 INFO o.a.j.t.JMeterThread: Thread is done: First TP 1-61
2025-12-17 10:58:07,619 INFO o.a.j.t.JMeterThread: Thread finished: First TP 1-61
2025-12-17 10:58:07,717 INFO o.a.j.t.JMeterThread: Thread started: First TP 1-68
2025-12-17 10:58:07,747 INFO o.a.j.t.JMeterThread: Thread is done: First TP 1-62
2025-12-17 10:58:07,747 INFO o.a.j.t.JMeterThread: Thread finished: First TP 1-62
2025-12-17 10:58:07,794 INFO o.a.j.t.JMeterThread: Thread is done: First TP 1-63
2025-12-17 10:58:07,794 INFO o.a.j.t.JMeterThread: Thread finished: First TP 1-63
2025-12-17 10:58:07,817 INFO o.a.j.t.JMeterThread: Thread started: First TP 1-69
2025-12-17 10:58:07,887 INFO o.a.j.t.JMeterThread: Thread is done: First TP 1-64
2025-12-17 10:58:07,887 INFO o.a.j.t.JMeterThread: Thread finished: First TP 1-64
2025-12-17 10:58:07,916 INFO o.a.j.t.JMeterThread: Thread started: First TP 1-70
2025-12-17 10:58:07,981 INFO o.a.j.t.JMeterThread: Thread is done: First TP 1-65
2025-12-17 10:58:07,981 INFO o.a.j.t.JMeterThread: Thread finished: First TP 1-65
2025-12-17 10:58:08,016 INFO o.a.j.t.JMeterThread: Thread started: First TP 1-71
2025-12-17 10:58:08,077 INFO o.a.j.t.JMeterThread: Thread is done: First TP 1-66
2025-12-17 10:58:08,077 INFO o.a.j.t.JMeterThread: Thread finished: First TP 1-66
2025-12-17 10:58:08,116 INFO o.a.j.t.JMeterThread: Thread started: First TP 1-72
2025-12-17 10:58:08,168 INFO o.a.j.t.JMeterThread: Thread is done: First TP 1-67
2025-12-17 10:58:08,168 INFO o.a.j.t.JMeterThread: Thread finished: First TP 1-67
2025-12-17 10:58:08,218 INFO o.a.j.t.JMeterThread: Thread started: First TP 1-73
2025-12-17 10:58:08,287 INFO o.a.j.t.JMeterThread: Thread is done: First TP 1-68
2025-12-17 10:58:08,287 INFO o.a.j.t.JMeterThread: Thread finished: First TP 1-68
2025-12-17 10:58:08,318 INFO o.a.j.t.JMeterThread: Thread started: First TP 1-74
2025-12-17 10:58:08,379 INFO o.a.j.t.JMeterThread: Thread is done: First TP 1-69
2025-12-17 10:58:08,379 INFO o.a.j.t.JMeterThread: Thread finished: First TP 1-69
2025-12-17 10:58:08,416 INFO o.a.j.t.JMeterThread: Thread started: First TP 1-75
2025-12-17 10:58:08,517 INFO o.a.j.t.JMeterThread: Thread started: First TP 1-76
2025-12-17 10:58:08,547 INFO o.a.j.t.JMeterThread: Thread is done: First TP 1-70
2025-12-17 10:58:08,549 INFO o.a.j.t.JMeterThread: Thread finished: First TP 1-70
2025-12-17 10:58:08,596 INFO o.a.j.t.JMeterThread: Thread is done: First TP 1-71
2025-12-17 10:58:08,596 INFO o.a.j.t.JMeterThread: Thread finished: First TP 1-71
2025-12-17 10:58:08,617 INFO o.a.j.t.JMeterThread: Thread started: First TP 1-77
2025-12-17 10:58:08,686 INFO o.a.j.t.JMeterThread: Thread is done: First TP 1-72
2025-12-17 10:58:08,686 INFO o.a.j.t.JMeterThread: Thread finished: First TP 1-72
2025-12-17 10:58:08,717 INFO o.a.j.t.JMeterThread: Thread started: First TP 1-78
2025-12-17 10:58:08,777 INFO o.a.j.t.JMeterThread: Thread is done: First TP 1-73
2025-12-17 10:58:08,777 INFO o.a.j.t.JMeterThread: Thread finished: First TP 1-73
2025-12-17 10:58:08,817 INFO o.a.j.t.JMeterThread: Thread started: First TP 1-79
2025-12-17 10:58:08,887 INFO o.a.j.t.JMeterThread: Thread is done: First TP 1-74
2025-12-17 10:58:08,887 INFO o.a.j.t.JMeterThread: Thread finished: First TP 1-74
2025-12-17 10:58:08,917 INFO o.a.j.t.JMeterThread: Thread started: First TP 1-80
2025-12-17 10:58:08,991 INFO o.a.j.t.JMeterThread: Thread is done: First TP 1-75
2025-12-17 10:58:08,991 INFO o.a.j.t.JMeterThread: Thread finished: First TP 1-75
2025-12-17 10:58:09,017 INFO o.a.j.t.JMeterThread: Thread started: First TP 1-81
2025-12-17 10:58:09,106 INFO o.a.j.t.JMeterThread: Thread is done: First TP 1-76
2025-12-17 10:58:09,107 INFO o.a.j.t.JMeterThread: Thread finished: First TP 1-76
2025-12-17 10:58:09,116 INFO o.a.j.t.JMeterThread: Thread started: First TP 1-82
2025-12-17 10:58:09,215 INFO o.a.j.t.JMeterThread: Thread is done: First TP 1-77
2025-12-17 10:58:09,215 INFO o.a.j.t.JMeterThread: Thread finished: First TP 1-77
2025-12-17 10:58:09,217 INFO o.a.j.t.JMeterThread: Thread started: First TP 1-83
2025-12-17 10:58:09,299 INFO o.a.j.t.JMeterThread: Thread is done: First TP 1-78
2025-12-17 10:58:09,299 INFO o.a.j.t.JMeterThread: Thread finished: First TP 1-78
2025-12-17 10:58:09,316 INFO o.a.j.t.JMeterThread: Thread started: First TP 1-84
2025-12-17 10:58:09,390 INFO o.a.j.t.JMeterThread: Thread is done: First TP 1-79
2025-12-17 10:58:09,390 INFO o.a.j.t.JMeterThread: Thread finished: First TP 1-79
2025-12-17 10:58:09,415 INFO o.a.j.t.JMeterThread: Thread started: First TP 1-85
2025-12-17 10:58:09,501 INFO o.a.j.t.JMeterThread: Thread is done: First TP 1-80
2025-12-17 10:58:09,501 INFO o.a.j.t.JMeterThread: Thread finished: First TP 1-80
2025-12-17 10:58:09,516 INFO o.a.j.t.JMeterThread: Thread started: First TP 1-86
2025-12-17 10:58:09,596 INFO o.a.j.t.JMeterThread: Thread is done: First TP 1-81
2025-12-17 10:58:09,596 INFO o.a.j.t.JMeterThread: Thread finished: First TP 1-81
2025-12-17 10:58:09,616 INFO o.a.j.t.JMeterThread: Thread started: First TP 1-87
2025-12-17 10:58:09,694 INFO o.a.j.t.JMeterThread: Thread is done: First TP 1-82
2025-12-17 10:58:09,694 INFO o.a.j.t.JMeterThread: Thread finished: First TP 1-82
2025-12-17 10:58:09,715 INFO o.a.j.t.JMeterThread: Thread started: First TP 1-88
2025-12-17 10:58:09,785 INFO o.a.j.t.JMeterThread: Thread is done: First TP 1-83
2025-12-17 10:58:09,785 INFO o.a.j.t.JMeterThread: Thread finished: First TP 1-83
2025-12-17 10:58:09,816 INFO o.a.j.t.JMeterThread: Thread started: First TP 1-89
2025-12-17 10:58:09,875 INFO o.a.j.t.JMeterThread: Thread is done: First TP 1-84
2025-12-17 10:58:09,875 INFO o.a.j.t.JMeterThread: Thread finished: First TP 1-84
2025-12-17 10:58:09,915 INFO o.a.j.t.JMeterThread: Thread started: First TP 1-90
2025-12-17 10:58:09,982 INFO o.a.j.t.JMeterThread: Thread is done: First TP 1-85
2025-12-17 10:58:09,982 INFO o.a.j.t.JMeterThread: Thread finished: First TP 1-85
2025-12-17 10:58:10,017 INFO o.a.j.t.JMeterThread: Thread started: First TP 1-91
2025-12-17 10:58:10,083 INFO o.a.j.t.JMeterThread: Thread is done: First TP 1-86
2025-12-17 10:58:10,083 INFO o.a.j.t.JMeterThread: Thread finished: First TP 1-86
2025-12-17 10:58:10,117 INFO o.a.j.t.JMeterThread: Thread started: First TP 1-92
2025-12-17 10:58:10,195 INFO o.a.j.t.JMeterThread: Thread is done: First TP 1-87
2025-12-17 10:58:10,195 INFO o.a.j.t.JMeterThread: Thread finished: First TP 1-87
2025-12-17 10:58:10,215 INFO o.a.j.t.JMeterThread: Thread started: First TP 1-93
2025-12-17 10:58:10,316 INFO o.a.j.t.JMeterThread: Thread started: First TP 1-94
2025-12-17 10:58:10,415 INFO o.a.j.t.JMeterThread: Thread started: First TP 1-95
2025-12-17 10:58:10,455 INFO o.a.j.t.JMeterThread: Thread is done: First TP 1-90
2025-12-17 10:58:10,455 INFO o.a.j.t.JMeterThread: Thread finished: First TP 1-90
2025-12-17 10:58:10,516 INFO o.a.j.t.JMeterThread: Thread started: First TP 1-96
2025-12-17 10:58:10,541 INFO o.a.j.t.JMeterThread: Thread is done: First TP 1-89
2025-12-17 10:58:10,541 INFO o.a.j.t.JMeterThread: Thread finished: First TP 1-89
2025-12-17 10:58:10,580 INFO o.a.j.t.JMeterThread: Thread is done: First TP 1-91
2025-12-17 10:58:10,580 INFO o.a.j.t.JMeterThread: Thread finished: First TP 1-91
2025-12-17 10:58:10,615 INFO o.a.j.t.JMeterThread: Thread started: First TP 1-97
2025-12-17 10:58:10,645 INFO o.a.j.t.JMeterThread: Thread is done: First TP 1-88
2025-12-17 10:58:10,645 INFO o.a.j.t.JMeterThread: Thread finished: First TP 1-88
2025-12-17 10:58:10,688 INFO o.a.j.t.JMeterThread: Thread is done: First TP 1-92
2025-12-17 10:58:10,690 INFO o.a.j.t.JMeterThread: Thread finished: First TP 1-92
2025-12-17 10:58:10,716 INFO o.a.j.t.JMeterThread: Thread started: First TP 1-98
2025-12-17 10:58:10,779 INFO o.a.j.t.JMeterThread: Thread is done: First TP 1-93
2025-12-17 10:58:10,779 INFO o.a.j.t.JMeterThread: Thread finished: First TP 1-93
2025-12-17 10:58:10,818 INFO o.a.j.t.JMeterThread: Thread started: First TP 1-99
2025-12-17 10:58:10,868 INFO o.a.j.t.JMeterThread: Thread is done: First TP 1-94
2025-12-17 10:58:10,868 INFO o.a.j.t.JMeterThread: Thread finished: First TP 1-94
2025-12-17 10:58:10,915 INFO o.a.j.t.JMeterThread: Thread started: First TP 1-100
2025-12-17 10:58:10,967 INFO o.a.j.t.JMeterThread: Thread is done: First TP 1-95
2025-12-17 10:58:10,978 INFO o.a.j.t.JMeterThread: Thread finished: First TP 1-95
2025-12-17 10:58:11,109 INFO o.a.j.t.JMeterThread: Thread is done: First TP 1-96
2025-12-17 10:58:11,109 INFO o.a.j.t.JMeterThread: Thread finished: First TP 1-96
2025-12-17 10:58:11,182 INFO o.a.j.t.JMeterThread: Thread is done: First TP 1-97
2025-12-17 10:58:11,182 INFO o.a.j.t.JMeterThread: Thread finished: First TP 1-97
2025-12-17 10:58:11,288 INFO o.a.j.t.JMeterThread: Thread is done: First TP 1-98
2025-12-17 10:58:11,288 INFO o.a.j.t.JMeterThread: Thread finished: First TP 1-98
2025-12-17 10:58:11,427 INFO o.a.j.t.JMeterThread: Thread is done: First TP 1-99
2025-12-17 10:58:11,427 INFO o.a.j.t.JMeterThread: Thread finished: First TP 1-99
2025-12-17 10:58:11,483 INFO o.a.j.t.JMeterThread: Thread is done: First TP 1-100
2025-12-17 10:58:11,483 INFO o.a.j.t.JMeterThread: Thread finished: First TP 1-100
2025-12-17 10:58:11,483 INFO o.a.j.e.StandardJMeterEngine: Notifying test listeners of end of test
2025-12-17 10:58:11,483 INFO o.a.j.r.Summariser: summary +    999 in 00:00:10 =  101.6/s Avg:    69 Min:    42 Max:   523 Err:     0 (0.00%) Active: 0 Started: 100 Finished: 100
2025-12-17 10:58:11,483 INFO o.a.j.r.Summariser: summary =   1000 in 00:00:10 =   95.4/s Avg:    70 Min:    42 Max:   547 Err:     0 (0.00%)
2025-12-17 10:58:11,483 INFO o.a.j.JMeter: Generating Dashboard
2025-12-17 10:58:11,483 INFO o.a.j.r.d.ReportGenerator: Flushing result collector before report Generation
2025-12-17 10:58:11,483 INFO o.a.j.r.p.NormalizerSampleConsumer: Using format, 'ms', to parse timeStamp field
2025-12-17 10:58:11,579 INFO o.a.j.r.p.AbstractSampleConsumer: class org.apache.jmeter.report.processor.AggregateConsumer#stopProducing(): beginDate produced 0 samples
2025-12-17 10:58:11,579 INFO o.a.j.r.p.AbstractSampleConsumer: class org.apache.jmeter.report.processor.AggregateConsumer#stopProducing(): endDate produced 0 samples
2025-12-17 10:58:11,594 INFO o.a.j.r.p.AbstractSampleConsumer: class org.apache.jmeter.report.processor.ApdexSummaryConsumer#stopProducing(): apdexSummary produced 0 samples
2025-12-17 10:58:11,594 INFO o.a.j.r.p.AbstractSampleConsumer: class org.apache.jmeter.report.processor.RequestsSummaryConsumer#stopProducing(): requestsSummary produced 0 samples
2025-12-17 10:58:11,616 INFO o.a.j.r.p.AbstractSampleConsumer: class org.apache.jmeter.report.processor.StatisticsSummaryConsumer#stopProducing(): statisticsSummary produced 0 samples
2025-12-17 10:58:11,619 INFO o.a.j.r.p.AbstractSampleConsumer: class org.apache.jmeter.report.processor.Top5ErrorsBySamplerConsumer#stopProducing(): top5ErrorsBySampler produced 0 samples
2025-12-17 10:58:11,620 INFO o.a.j.r.p.AbstractSampleConsumer: class org.apache.jmeter.report.processor.ErrorsSummaryConsumer#stopProducing(): errorsSummary produced 0 samples
2025-12-17 10:58:11,620 INFO o.a.j.r.p.AbstractSampleConsumer: class org.apache.jmeter.report.processor.graph.impl.HitsPerSecondGraphConsumer#stopProducing(): hitsPerSecond produced 0 samples
2025-12-17 10:58:11,658 INFO o.a.j.r.p.AbstractSampleConsumer: class org.apache.jmeter.report.processor.graph.impl.LatencyVSRequestGraphConsumer#stopProducing(): latencyVsRequest produced 0 samples
2025-12-17 10:58:11,658 INFO o.a.j.r.p.AbstractSampleConsumer: class org.apache.jmeter.report.processor.graph.impl.SyntheticResponseTimeDistributionGraphConsumer#stopProducing(): syntheticResponseTimeDistribution produced 0 samples
2025-12-17 10:58:11,658 INFO o.a.j.r.p.AbstractSampleConsumer: class org.apache.jmeter.report.processor.graph.impl.BytesThroughputGraphConsumer#stopProducing(): bytesThroughputOverTime produced 0 samples
2025-12-17 10:58:11,658 INFO o.a.j.r.p.AbstractSampleConsumer: class org.apache.jmeter.report.processor.graph.impl.CodesPerSecondGraphConsumer#stopProducing(): codesPerSecond produced 0 samples
2025-12-17 10:58:11,674 INFO o.a.j.r.p.AbstractSampleConsumer: class org.apache.jmeter.report.processor.graph.impl.ResponseTimeVSRequestGraphConsumer#stopProducing(): responseTimeVsRequest produced 0 samples
2025-12-17 10:58:11,674 INFO o.a.j.r.p.AbstractSampleConsumer: class org.apache.jmeter.report.processor.FilterConsumer#stopProducing(): startIntervalControlerFilter produced 7000 samples
2025-12-17 10:58:11,674 INFO o.a.j.r.p.AbstractSampleConsumer: class org.apache.jmeter.report.processor.graph.impl.TotalTPSGraphConsumer#stopProducing(): totalTPS produced 0 samples
2025-12-17 10:58:11,674 INFO o.a.j.r.p.AbstractSampleConsumer: class org.apache.jmeter.report.processor.graph.impl.ActiveThreadsGraphConsumer#stopProducing(): activeThreadsOverTime produced 0 samples
2025-12-17 10:58:11,674 INFO o.a.j.r.p.AbstractSampleConsumer: class org.apache.jmeter.report.processor.graph.impl.TimeVSThreadGraphConsumer#stopProducing(): timeVsThreads produced 0 samples
2025-12-17 10:58:11,674 INFO o.a.j.r.p.AbstractSampleConsumer: class org.apache.jmeter.report.processor.graph.impl.ResponseTimeDistributionGraphConsumer#stopProducing(): responseTimeDistribution produced 0 samples
2025-12-17 10:58:11,674 INFO o.a.j.r.p.AbstractSampleConsumer: class org.apache.jmeter.report.processor.graph.impl.TransactionsPerSecondGraphConsumer#stopProducing(): transactionsPerSecond produced 0 samples
2025-12-17 10:58:11,674 INFO o.a.j.r.p.AbstractSampleConsumer: class org.apache.jmeter.report.processor.graph.impl.ResponseTimePercentilesGraphConsumer#stopProducing(): responseTimePercentiles produced 0 samples
2025-12-17 10:58:11,674 INFO o.a.j.r.p.AbstractSampleConsumer: class org.apache.jmeter.report.processor.graph.impl.ResponseTimePercentilesOverTimeGraphConsumer#stopProducing(): responseTimePercentilesOverTime produced 0 samples
2025-12-17 10:58:11,674 INFO o.a.j.r.p.AbstractSampleConsumer: class org.apache.jmeter.report.processor.graph.impl.ResponseTimeOverTimeGraphConsumer#stopProducing(): responseTimesOverTime produced 0 samples
2025-12-17 10:58:11,674 INFO o.a.j.r.p.AbstractSampleConsumer: class org.apache.jmeter.report.processor.graph.impl.ConnectTimeOverTimeGraphConsumer#stopProducing(): connectTimeOverTime produced 0 samples
2025-12-17 10:58:11,674 INFO o.a.j.r.p.AbstractSampleConsumer: class org.apache.jmeter.report.processor.graph.impl.LatencyOverTimeGraphConsumer#stopProducing(): latenciesOverTime produced 0 samples
2025-12-17 10:58:11,674 INFO o.a.j.r.p.AbstractSampleConsumer: class org.apache.jmeter.report.processor.FilterConsumer#stopProducing(): nameFilter produced 15000 samples
2025-12-17 10:58:11,674 INFO o.a.j.r.p.AbstractSampleConsumer: class org.apache.jmeter.report.processor.FilterConsumer#stopProducing(): dateRangeFilter produced 3000 samples
2025-12-17 10:58:11,674 INFO o.a.j.r.p.AbstractSampleConsumer: class org.apache.jmeter.report.processor.NormalizerSampleConsumer#stopProducing(): normalizer produced 1000 samples
2025-12-17 10:58:11,674 INFO o.a.j.r.p.CsvFileSampleSource: produce(): 1000 samples produced in 159ms on channel 0
2025-12-17 10:58:11,674 INFO o.a.j.r.d.ReportGenerator: Exporting data using exporter:'json' of className:'org.apache.jmeter.report.dashboard.JsonExporter'
2025-12-17 10:58:11,755 INFO o.a.j.r.d.JsonExporter: Found data for consumer statisticsSummary in context
2025-12-17 10:58:11,755 INFO o.a.j.r.d.JsonExporter: Creating statistics for overall
2025-12-17 10:58:11,755 INFO o.a.j.r.d.JsonExporter: Creating statistics for other transactions
2025-12-17 10:58:11,755 INFO o.a.j.r.d.JsonExporter: Checking output folder
2025-12-17 10:58:11,755 INFO o.a.j.r.d.JsonExporter: Writing statistics JSON to C:\Train_QA\VuLocalRepo\Week7\JmeterDemo\.\html\statistics.json
2025-12-17 10:58:11,817 INFO o.a.j.r.d.ReportGenerator: Exporting data using exporter:'html' of className:'org.apache.jmeter.report.dashboard.HtmlTemplateExporter'
2025-12-17 10:58:11,820 INFO o.a.j.r.d.HtmlTemplateExporter: Will generate dashboard in folder: C:\Train_QA\VuLocalRepo\Week7\JmeterDemo\.\html
2025-12-17 10:58:11,910 INFO o.a.j.r.d.HtmlTemplateExporter: Report will be generated in: C:\Train_QA\VuLocalRepo\Week7\JmeterDemo\.\html, creating folder structure
2025-12-17 10:58:11,910 INFO o.a.j.r.d.TemplateVisitor: Copying folder from 'C:\Users\vupha\Downloads\apache-jmeter-5.6.3\apache-jmeter-5.6.3\bin\report-template' to 'C:\Train_QA\VuLocalRepo\Week7\JmeterDemo\.\html', got message: C:\Train_QA\VuLocalRepo\Week7\JmeterDemo\.\html, found non empty folder with following content [C:\Train_QA\VuLocalRepo\Week7\JmeterDemo\.\html\statistics.json], will be ignored
2025-12-17 10:58:12,247 INFO o.a.j.JMeter: Dashboard generated
